<?xml version="1.0" encoding="UTF-8"?>
<!-- Generated by org.testng.reporters.JUnitReportReporter -->
<testsuite hostname="DESKTOP-HI3DK0M" failures="0" tests="1" name="reports.ExtentReports" time="0.247" errors="0" timestamp="2025-06-13T19:33:46 IST" skipped="0">
  <testcase classname="reports.ExtentReports" name="getreports" time="0.247"/>
</testsuite> <!-- reports.ExtentReports -->
