<?xml version="1.0" encoding="UTF-8"?>
<!-- Generated by org.testng.reporters.JUnitReportReporter -->
<testsuite hostname="DESKTOP-HI3DK0M" failures="0" tests="1" name="Com.TestingFramwork.co.TestinfDDFramework.BookingAppointment" time="4.860" errors="0" timestamp="2025-08-16T20:05:47 IST" skipped="0">
  <testcase classname="Com.TestingFramwork.co.TestinfDDFramework.BookingAppointment" name="ArrowFormation" time="4.860"/>
</testsuite> <!-- Com.TestingFramwork.co.TestinfDDFramework.BookingAppointment -->
